<?xml version="1.0" encoding="UTF-8"?>
<!-- Generated by org.testng.reporters.JUnitXMLReporter -->
<testsuite ignored="1" hostname="DESKTOP-9KRK1A9" failures="0" tests="1" name="Default test" time="0.069" errors="0" timestamp="2025-07-23T21:47:59 IST">
  <testcase classname="Pac1.CreateContactTest" name="createConatctTest1" time="0.013"/>
  <testcase classname="Pac1.CreateContactTest" name="modifyContactTest" time="0.0">
    <ignored/>
  </testcase> <!-- modifyContactTest -->
</testsuite> <!-- Default test -->
