<?xml version="1.0" encoding="UTF-8"?>
<testng-results ignored="1" total="2" passed="1" failed="0" skipped="0">
  <reporter-output>
  </reporter-output>
  <suite started-at="2025-07-23T21:47:59 IST" name="Default suite" finished-at="2025-07-23T21:47:59 IST" duration-ms="69">
    <groups>
    </groups>
    <test started-at="2025-07-23T21:47:59 IST" name="Default test" finished-at="2025-07-23T21:47:59 IST" duration-ms="69">
      <class name="Pac1.CreateContactTest">
        <test-method signature="createConatctTest1()[pri:0, instance:Pac1.CreateContactTest@3023df74]" started-at="2025-07-23T21:47:59 IST" name="createConatctTest1" finished-at="2025-07-23T21:47:59 IST" duration-ms="13" status="PASS">
          <reporter-output>
          </reporter-output>
        </test-method> <!-- createConatctTest1 -->
      </class> <!-- Pac1.CreateContactTest -->
    </test> <!-- Default test -->
  </suite> <!-- Default suite -->
</testng-results>
